Reading pref.tcl

# 2020.2

# vsim -c tb_SimplifiedMIPSProcessor -do "modelsim_framework2.do" 
# Start time: 20:31:32 on Nov 24,2020
# ** Note: (vsim-3812) Design is being optimized...
# //  ModelSim SE-64 2020.2 Apr 19 2020
# //
# //  Copyright 1991-2020 Mentor Graphics Corporation
# //  All Rights Reserved.
# //
# //  ModelSim SE-64 and its associated documentation contain trade
# //  secrets and commercial or financial information that are the property of
# //  Mentor Graphics Corporation and are privileged, confidential,
# //  and exempt from disclosure under the Freedom of Information Act,
# //  5 U.S.C. Section 552. Furthermore, this information
# //  is prohibited from disclosure under the Trade Secrets Act,
# //  18 U.S.C. Section 1905.
# //
# Loading std.standard
# Loading std.textio(body)
# Loading ieee.std_logic_1164(body)
# Loading ieee.std_logic_textio(body)
# Loading std.env(body)
# Loading work.tb_simplifiedmipsprocessor(mixed)#1
# Loading ieee.numeric_std(body)
# Loading work.mips_processor(structure)#1
# Loading work.control_unit(control_logic)#1
# Loading work.single_reg(structure)#1
# Loading work.proja_alu(structure)#1
# Loading work.alu32(structure)#1
# Loading work.singlealu(structure)#1
# Loading work.onebitshifter(structure)#1
# Loading work.twobitshifter(structure)#1
# Loading work.fourbitshifter(structure)#1
# Loading work.eightbitshifter(structure)#1
# Loading work.sixteenbitshifter(structure)#1
# Loading work.twoto1muxflow(dataflow)#1
# Loading work.vector_type
# Loading work.reg_file(structure)#1
# Loading work.gen_mux(structure)#2
# Loading work.onebitshifter(structure)#2
# Loading work.twobitshifter(structure)#2
# Loading work.fourbitshifter(structure)#2
# Loading work.eightbitshifter(structure)#2
# Loading work.sixteenbitshifter(structure)#2
# Loading work.generic_reg(structure)#1
# Loading work.generic_reg(structure)#2
# Loading work.generic_reg(structure)#3
# do modelsim_framework2.do
# ** Warning: NUMERIC_STD.TO_INTEGER: metavalue detected, returning 0
#    Time: 0 ns  Iteration: 0  Instance: /tb_simplifiedmipsprocessor/MySimplifiedMIPSProcess/DMem
# ** Warning: NUMERIC_STD.TO_INTEGER: metavalue detected, returning 0
#    Time: 0 ns  Iteration: 0  Instance: /tb_simplifiedmipsprocessor/MySimplifiedMIPSProcess/IMem
# End time: 20:32:18 on Nov 24,2020, Elapsed time: 0:00:46
# Errors: 0, Warnings: 2
